
--- 2025-09-19T06:48:38.034Z debug
ðŸªµ  Writing logs to "/Users/osa/Documents/GitHub/osa-is.online/.home/Library/Preferences/.wrangler/logs/wrangler-2025-09-19_06-48-37_955.log"
---

--- 2025-09-19T06:48:38.034Z debug
Metrics dispatcher: Posting data {"deviceId":"914f92de-20b0-4b3a-8c90-a8af1e272cc1","event":"wrangler command started","timestamp":1758264518034,"properties":{"amplitude_session_id":1758264518032,"amplitude_event_id":0,"wranglerVersion":"4.33.2","osPlatform":"Mac OS","osVersion":"Darwin Kernel Version 25.0.0: Mon Aug 25 21:17:51 PDT 2025; root:xnu-12377.1.9~3/RELEASE_ARM64_T6000","nodeVersion":24,"packageManager":"npm","isFirstUsage":false,"configFileType":"jsonc","isCI":false,"isPagesCI":false,"isWorkersCI":false,"isInteractive":false,"hasAssets":true,"argsUsed":[],"argsCombination":"","command":"wrangler dev","args":{"latest":true,"noBundle":false,"remote":false,"r":false,"testScheduled":false,"xVectorizeBindToProd":false,"xImagesLocalMode":false,"script":"<REDACTED>"}}}
---

--- 2025-09-19T06:48:38.038Z debug
.env file not found at "/Users/osa/Documents/GitHub/osa-is.online/.env". Continuing... For more details, refer to https://developers.cloudflare.com/workers/wrangler/system-environment-variables/
---

--- 2025-09-19T06:48:38.038Z debug
.env file not found at "/Users/osa/Documents/GitHub/osa-is.online/.env.local". Continuing... For more details, refer to https://developers.cloudflare.com/workers/wrangler/system-environment-variables/
---

--- 2025-09-19T06:48:38.067Z debug
Metrics dispatcher: Failed to send request: fetch failed
---

--- 2025-09-19T06:48:38.067Z log

 â›…ï¸ wrangler 4.33.2 (update available 4.38.0)
â”€â”€â”€â”€â”€â”€â”€â”€â”€â”€â”€â”€â”€â”€â”€â”€â”€â”€â”€â”€â”€â”€â”€â”€â”€â”€â”€â”€â”€â”€â”€â”€â”€â”€â”€â”€â”€â”€â”€â”€â”€â”€â”€â”€â”€
---

--- 2025-09-19T06:48:38.071Z log
[custom build] Running: npm run build
---

--- 2025-09-19T06:48:38.165Z log
[custom build] 
---

--- 2025-09-19T06:48:38.165Z log
[custom build] > osa-is.online@0.0.1 build
---

--- 2025-09-19T06:48:38.165Z log
[custom build] > astro build
---

--- 2025-09-19T06:48:38.165Z log
[custom build] 
---

--- 2025-09-19T06:48:38.165Z log
[custom build] 
---

--- 2025-09-19T06:48:39.542Z log
[custom build] 02:48:39 [@astrojs/cloudflare] Enabling sessions with Cloudflare KV with the "SESSION" KV binding.
---

--- 2025-09-19T06:48:39.543Z log
[custom build] 
---

--- 2025-09-19T06:48:39.543Z log
[custom build] 02:48:39 [@astrojs/cloudflare] If you see the error "Invalid binding `SESSION`" in your build output, you need to add the binding to your wrangler config file.
---

--- 2025-09-19T06:48:39.543Z log
[custom build] 
---

--- 2025-09-19T06:48:39.547Z log
[custom build] 02:48:39 [WARN] [adapter] Cloudflare does not support sharp at runtime. However, you can configure `imageService: "compile"` to optimize images with sharp on prerendered pages during build time.
---

--- 2025-09-19T06:48:39.547Z log
[custom build] 
---

--- 2025-09-19T06:48:39.574Z log
[custom build] 
---

--- 2025-09-19T06:48:39.574Z log
[custom build] Auto-generating collections for folders in "src/content/" that are not defined as collections.
---

--- 2025-09-19T06:48:39.574Z log
[custom build] This is deprecated, so you should define these collections yourself in "src/content.config.ts".
---

--- 2025-09-19T06:48:39.574Z log
[custom build] The following collections have been auto-generated: blog
---

--- 2025-09-19T06:48:39.574Z log
[custom build] 
---

--- 2025-09-19T06:48:39.574Z log
[custom build] 
---

--- 2025-09-19T06:48:39.576Z log
[custom build] 02:48:39 [content] Syncing content
---

--- 2025-09-19T06:48:39.576Z log
[custom build] 
---

--- 2025-09-19T06:48:39.582Z log
[custom build] 02:48:39 [content] Synced content
---

--- 2025-09-19T06:48:39.582Z log
[custom build] 
---

--- 2025-09-19T06:48:39.583Z log
[custom build] 02:48:39 [types] Generated 30ms
---

--- 2025-09-19T06:48:39.583Z log
[custom build] 
---

--- 2025-09-19T06:48:39.583Z log
[custom build] 02:48:39 [build] output: "static"
---

--- 2025-09-19T06:48:39.583Z log
[custom build] 
---

--- 2025-09-19T06:48:39.583Z log
[custom build] 02:48:39 [build] mode: "server"
---

--- 2025-09-19T06:48:39.583Z log
[custom build] 02:48:39 [build] directory: /Users/osa/Documents/GitHub/osa-is.online/dist/
---

--- 2025-09-19T06:48:39.583Z log
[custom build] 
---

--- 2025-09-19T06:48:39.583Z log
[custom build] 02:48:39 [build] adapter: @astrojs/cloudflare
---

--- 2025-09-19T06:48:39.583Z log
[custom build] 02:48:39 [build] Collecting build info...
---

--- 2025-09-19T06:48:39.583Z log
[custom build] 
---

--- 2025-09-19T06:48:39.583Z log
[custom build] 02:48:39 [build] âœ“ Completed in 42ms.
---

--- 2025-09-19T06:48:39.583Z log
[custom build] 
---

--- 2025-09-19T06:48:39.588Z log
[custom build] 02:48:39 [build] Building server entrypoints...
---

--- 2025-09-19T06:48:39.588Z log
[custom build] 
---

--- 2025-09-19T06:48:41.197Z log
[custom build] 02:48:41 [vite] âœ“ built in 1.59s
---

--- 2025-09-19T06:48:41.197Z log
[custom build] 
---

--- 2025-09-19T06:48:41.197Z log
[custom build] 02:48:41 [build] âœ“ Completed in 1.61s.
---

--- 2025-09-19T06:48:41.197Z log
[custom build] 
---

--- 2025-09-19T06:48:41.197Z log
[custom build] 
---

--- 2025-09-19T06:48:41.197Z log
[custom build]  building client (vite) 
---

--- 2025-09-19T06:48:41.197Z log
[custom build] 
---

--- 2025-09-19T06:48:41.204Z log
[custom build] 02:48:41 [vite] transforming...
---

--- 2025-09-19T06:48:41.204Z log
[custom build] 
---

--- 2025-09-19T06:48:41.369Z log
[custom build] 02:48:41 [vite] âœ“ 106 modules transformed.
---

--- 2025-09-19T06:48:41.369Z log
[custom build] 
---

--- 2025-09-19T06:48:41.386Z log
[custom build] 02:48:41 [vite] rendering chunks...
---

--- 2025-09-19T06:48:41.386Z log
[custom build] 
---

--- 2025-09-19T06:48:41.395Z log
[custom build] 02:48:41 [vite] computing gzip size...
---

--- 2025-09-19T06:48:41.395Z log
[custom build] 
---

--- 2025-09-19T06:48:41.396Z log
[custom build] 02:48:41 [vite] dist/_astro/about.Dv8HYanR.css          1.30 kB â”‚ gzip: 0.45 kB
---

--- 2025-09-19T06:48:41.396Z log
[custom build] 02:48:41 [vite] dist/_astro/client.svelte.B4Q_Ps5w.js   1.13 kB â”‚ gzip: 0.63 kB
---

--- 2025-09-19T06:48:41.396Z log
[custom build] 
---

--- 2025-09-19T06:48:41.396Z log
[custom build] 02:48:41 [vite] dist/_astro/Header.CRlGGUmP.js         11.70 kB â”‚ gzip: 5.40 kB
---

--- 2025-09-19T06:48:41.396Z log
[custom build] 02:48:41 [vite] dist/_astro/render.DlSkyHR_.js         24.48 kB â”‚ gzip: 9.69 kB
---

--- 2025-09-19T06:48:41.396Z log
[custom build] 02:48:41 [vite] âœ“ built in 195ms
---

--- 2025-09-19T06:48:41.396Z log
[custom build] 
---

--- 2025-09-19T06:48:41.406Z log
[custom build] 
---

--- 2025-09-19T06:48:41.407Z log
[custom build]  prerendering static routes 
---

--- 2025-09-19T06:48:41.407Z log
[custom build] 
---

--- 2025-09-19T06:48:41.408Z log
[custom build] 02:48:41 â–¶ src/pages/about.astro
---

--- 2025-09-19T06:48:41.408Z log
[custom build] 
---

--- 2025-09-19T06:48:41.408Z log
[custom build] 02:48:41   â””â”€ /about/index.html
---

--- 2025-09-19T06:48:41.417Z log
[custom build]  (+9ms) 
---

--- 2025-09-19T06:48:41.417Z log
[custom build] 
---

--- 2025-09-19T06:48:41.454Z log
[custom build] 02:48:41 Î» src/pages/api/blog/index.ts
---

--- 2025-09-19T06:48:41.454Z log
[custom build] 
---

--- 2025-09-19T06:48:41.454Z log
[custom build] 02:48:41   â””â”€ /api/blog
---

--- 2025-09-19T06:48:41.468Z log
[custom build]  (+14ms) 
---

--- 2025-09-19T06:48:41.468Z log
[custom build] 
---

--- 2025-09-19T06:48:41.469Z log
[custom build] 02:48:41 â–¶ src/pages/blog/index.astro
---

--- 2025-09-19T06:48:41.469Z log
[custom build] 02:48:41   â””â”€ /blog/index.html
---

--- 2025-09-19T06:48:41.471Z log
[custom build]  (+2ms) 
---

--- 2025-09-19T06:48:41.471Z log
[custom build] 
---

--- 2025-09-19T06:48:41.472Z log
[custom build] 02:48:41 â–¶ src/pages/index.astro
---

--- 2025-09-19T06:48:41.472Z log
[custom build] 
---

--- 2025-09-19T06:48:41.472Z log
[custom build] 02:48:41   â””â”€ /index.html
---

--- 2025-09-19T06:48:41.474Z log
[custom build]  (+2ms) 
---

--- 2025-09-19T06:48:41.474Z log
[custom build] 
---

--- 2025-09-19T06:48:41.474Z log
[custom build] 02:48:41 âœ“ Completed in 75ms.
---

--- 2025-09-19T06:48:41.474Z log
[custom build] 
---

--- 2025-09-19T06:48:41.474Z log
[custom build] 
---

--- 2025-09-19T06:48:41.475Z log
[custom build] 02:48:41 [build] Rearranging server assets...
---

--- 2025-09-19T06:48:41.475Z log
[custom build] 
---

--- 2025-09-19T06:48:41.478Z log
[custom build] 02:48:41 [build] Server built in 1.94s
---

--- 2025-09-19T06:48:41.478Z log
[custom build] 
---

--- 2025-09-19T06:48:41.478Z log
[custom build] 02:48:41 [build] Complete!
---

--- 2025-09-19T06:48:41.478Z log
[custom build] 
---

--- 2025-09-19T06:48:41.530Z debug
local dev variables file not found at ".dev.vars". Continuing... For more details, refer to https://developers.cloudflare.com/workers/wrangler/system-environment-variables/
---
