
--- 2025-09-19T06:46:43.500Z debug
ðŸªµ  Writing logs to "/Users/osa/Documents/GitHub/osa-is.online/.home/Library/Preferences/.wrangler/logs/wrangler-2025-09-19_06-46-43_420.log"
---

--- 2025-09-19T06:46:43.500Z debug
Metrics dispatcher: Posting data {"deviceId":"914f92de-20b0-4b3a-8c90-a8af1e272cc1","event":"wrangler command started","timestamp":1758264403500,"properties":{"amplitude_session_id":1758264403498,"amplitude_event_id":0,"wranglerVersion":"4.33.2","osPlatform":"Mac OS","osVersion":"Darwin Kernel Version 25.0.0: Mon Aug 25 21:17:51 PDT 2025; root:xnu-12377.1.9~3/RELEASE_ARM64_T6000","nodeVersion":24,"packageManager":"npm","isFirstUsage":true,"configFileType":"jsonc","isCI":false,"isPagesCI":false,"isWorkersCI":false,"isInteractive":false,"hasAssets":true,"argsUsed":[],"argsCombination":"","command":"wrangler dev","args":{"latest":true,"noBundle":false,"remote":false,"r":false,"testScheduled":false,"xVectorizeBindToProd":false,"xImagesLocalMode":false}}}
---

--- 2025-09-19T06:46:43.504Z debug
.env file not found at "/Users/osa/Documents/GitHub/osa-is.online/.env". Continuing... For more details, refer to https://developers.cloudflare.com/workers/wrangler/system-environment-variables/
---

--- 2025-09-19T06:46:43.504Z debug
.env file not found at "/Users/osa/Documents/GitHub/osa-is.online/.env.local". Continuing... For more details, refer to https://developers.cloudflare.com/workers/wrangler/system-environment-variables/
---

--- 2025-09-19T06:46:43.532Z debug
Metrics dispatcher: Failed to send request: fetch failed
---

--- 2025-09-19T06:46:43.533Z log

 â›…ï¸ wrangler 4.33.2 (update available 4.38.0)
â”€â”€â”€â”€â”€â”€â”€â”€â”€â”€â”€â”€â”€â”€â”€â”€â”€â”€â”€â”€â”€â”€â”€â”€â”€â”€â”€â”€â”€â”€â”€â”€â”€â”€â”€â”€â”€â”€â”€â”€â”€â”€â”€â”€â”€
---

--- 2025-09-19T06:46:43.537Z log
[custom build] Running: npm run build
---

--- 2025-09-19T06:46:43.631Z log
[custom build] 
---

--- 2025-09-19T06:46:43.632Z log
[custom build] > osa-is.online@0.0.1 build
---

--- 2025-09-19T06:46:43.632Z log
[custom build] > astro build
---

--- 2025-09-19T06:46:43.632Z log
[custom build] 
---

--- 2025-09-19T06:46:43.632Z log
[custom build] 
---

--- 2025-09-19T06:46:44.107Z log
[custom build] â–¶ Astro collects anonymous usage data.
---

--- 2025-09-19T06:46:44.108Z log
[custom build]   This information helps us improve Astro.
---

--- 2025-09-19T06:46:44.108Z log
[custom build]   Run "astro telemetry disable" to opt-out.
---

--- 2025-09-19T06:46:44.108Z log
[custom build]   https://astro.build/telemetry
---

--- 2025-09-19T06:46:44.108Z log
[custom build] 
---

--- 2025-09-19T06:46:44.108Z log
[custom build] 
---

--- 2025-09-19T06:46:45.295Z log
[custom build] 02:46:45 [@astrojs/cloudflare] Enabling sessions with Cloudflare KV with the "SESSION" KV binding.
---

--- 2025-09-19T06:46:45.295Z log
[custom build] 02:46:45 [@astrojs/cloudflare] If you see the error "Invalid binding `SESSION`" in your build output, you need to add the binding to your wrangler config file.
---

--- 2025-09-19T06:46:45.295Z log
[custom build] 
---

--- 2025-09-19T06:46:45.300Z log
[custom build] 02:46:45 [WARN] [adapter] Cloudflare does not support sharp at runtime. However, you can configure `imageService: "compile"` to optimize images with sharp on prerendered pages during build time.
---

--- 2025-09-19T06:46:45.300Z log
[custom build] 
---

--- 2025-09-19T06:46:45.328Z log
[custom build] 
---

--- 2025-09-19T06:46:45.328Z log
[custom build] Auto-generating collections for folders in "src/content/" that are not defined as collections.
---

--- 2025-09-19T06:46:45.328Z log
[custom build] This is deprecated, so you should define these collections yourself in "src/content.config.ts".
---

--- 2025-09-19T06:46:45.328Z log
[custom build] The following collections have been auto-generated: blog
---

--- 2025-09-19T06:46:45.328Z log
[custom build] 
---

--- 2025-09-19T06:46:45.328Z log
[custom build] 
---

--- 2025-09-19T06:46:45.330Z log
[custom build] 02:46:45 [content] Syncing content
---

--- 2025-09-19T06:46:45.330Z log
[custom build] 
---

--- 2025-09-19T06:46:45.338Z log
[custom build] 02:46:45 [content] Synced content
---

--- 2025-09-19T06:46:45.338Z log
[custom build] 
---

--- 2025-09-19T06:46:45.338Z log
[custom build] 02:46:45 [types] Generated 32ms
---

--- 2025-09-19T06:46:45.338Z log
[custom build] 
---

--- 2025-09-19T06:46:45.338Z log
[custom build] 02:46:45 [build] output: "static"
---

--- 2025-09-19T06:46:45.338Z log
[custom build] 
---

--- 2025-09-19T06:46:45.338Z log
[custom build] 02:46:45 [build] mode: "server"
---

--- 2025-09-19T06:46:45.339Z log
[custom build] 02:46:45 [build] directory: /Users/osa/Documents/GitHub/osa-is.online/dist/
---

--- 2025-09-19T06:46:45.339Z log
[custom build] 02:46:45 [build] adapter: @astrojs/cloudflare
---

--- 2025-09-19T06:46:45.339Z log
[custom build] 
---

--- 2025-09-19T06:46:45.339Z log
[custom build] 02:46:45 [build] Collecting build info...
---

--- 2025-09-19T06:46:45.339Z log
[custom build] 
---

--- 2025-09-19T06:46:45.339Z log
[custom build] 02:46:45 [build] âœ“ Completed in 45ms.
---

--- 2025-09-19T06:46:45.339Z log
[custom build] 
---

--- 2025-09-19T06:46:45.342Z log
[custom build] 02:46:45 [build] Building server entrypoints...
---

--- 2025-09-19T06:46:45.342Z log
[custom build] 
---

--- 2025-09-19T06:46:46.962Z log
[custom build] 02:46:46 [vite] âœ“ built in 1.60s
---

--- 2025-09-19T06:46:46.962Z log
[custom build] 02:46:46 [build] âœ“ Completed in 1.62s.
---

--- 2025-09-19T06:46:46.962Z log
[custom build] 
---

--- 2025-09-19T06:46:46.962Z log
[custom build] 
---

--- 2025-09-19T06:46:46.962Z log
[custom build]  building client (vite) 
---

--- 2025-09-19T06:46:46.962Z log
[custom build] 
---

--- 2025-09-19T06:46:46.968Z log
[custom build] 02:46:46 [vite] transforming...
---

--- 2025-09-19T06:46:46.968Z log
[custom build] 
---

--- 2025-09-19T06:46:47.128Z log
[custom build] 02:46:47 [vite] âœ“ 106 modules transformed.
---

--- 2025-09-19T06:46:47.128Z log
[custom build] 
---

--- 2025-09-19T06:46:47.144Z log
[custom build] 02:46:47 [vite] rendering chunks...
---

--- 2025-09-19T06:46:47.145Z log
[custom build] 
---

--- 2025-09-19T06:46:47.153Z log
[custom build] 02:46:47 [vite] computing gzip size...
---

--- 2025-09-19T06:46:47.153Z log
[custom build] 
---

--- 2025-09-19T06:46:47.155Z log
[custom build] 02:46:47 [vite] dist/_astro/about.Dv8HYanR.css          1.30 kB â”‚ gzip: 0.45 kB
---

--- 2025-09-19T06:46:47.155Z log
[custom build] 
---

--- 2025-09-19T06:46:47.155Z log
[custom build] 02:46:47 [vite] dist/_astro/client.svelte.B4Q_Ps5w.js   1.13 kB â”‚ gzip: 0.63 kB
---

--- 2025-09-19T06:46:47.155Z log
[custom build] 02:46:47 [vite] dist/_astro/Header.CRlGGUmP.js         11.70 kB â”‚ gzip: 5.40 kB
---

--- 2025-09-19T06:46:47.155Z log
[custom build] 02:46:47 [vite] dist/_astro/render.DlSkyHR_.js         24.48 kB â”‚ gzip: 9.69 kB
---

--- 2025-09-19T06:46:47.155Z log
[custom build] 02:46:47 [vite] âœ“ built in 189ms
---

--- 2025-09-19T06:46:47.155Z log
[custom build] 
---

--- 2025-09-19T06:46:47.165Z log
[custom build] 
---

--- 2025-09-19T06:46:47.165Z log
[custom build]  prerendering static routes 
---

--- 2025-09-19T06:46:47.165Z log
[custom build] 
---

--- 2025-09-19T06:46:47.166Z log
[custom build] 02:46:47 â–¶ src/pages/about.astro
---

--- 2025-09-19T06:46:47.166Z log
[custom build] 
---

--- 2025-09-19T06:46:47.166Z log
[custom build] 02:46:47   â””â”€ /about/index.html
---

--- 2025-09-19T06:46:47.200Z log
[custom build]  (+35ms) 
---

--- 2025-09-19T06:46:47.201Z log
[custom build] 
---

--- 2025-09-19T06:46:47.237Z log
[custom build] 02:46:47 Î» src/pages/api/blog/index.ts
---

--- 2025-09-19T06:46:47.237Z log
[custom build] 02:46:47   â””â”€ /api/blog
---

--- 2025-09-19T06:46:47.251Z log
[custom build]  (+15ms) 
---

--- 2025-09-19T06:46:47.251Z log
[custom build] 
---

--- 2025-09-19T06:46:47.253Z log
[custom build] 02:46:47 â–¶ src/pages/blog/index.astro
---

--- 2025-09-19T06:46:47.253Z log
[custom build] 02:46:47   â””â”€ /blog/index.html
---

--- 2025-09-19T06:46:47.255Z log
[custom build]  (+2ms) 
---

--- 2025-09-19T06:46:47.255Z log
[custom build] 
---

--- 2025-09-19T06:46:47.256Z log
[custom build] 02:46:47 â–¶ src/pages/index.astro
---

--- 2025-09-19T06:46:47.256Z log
[custom build] 
---

--- 2025-09-19T06:46:47.256Z log
[custom build] 02:46:47   â””â”€ /index.html
---

--- 2025-09-19T06:46:47.258Z log
[custom build]  (+2ms) 
---

--- 2025-09-19T06:46:47.258Z log
[custom build] 
---

--- 2025-09-19T06:46:47.258Z log
[custom build] 02:46:47 âœ“ Completed in 100ms.
---

--- 2025-09-19T06:46:47.258Z log
[custom build] 
---

--- 2025-09-19T06:46:47.258Z log
[custom build] 
---

--- 2025-09-19T06:46:47.258Z log
[custom build] 02:46:47 [build] Rearranging server assets...
---

--- 2025-09-19T06:46:47.258Z log
[custom build] 
---

--- 2025-09-19T06:46:47.261Z log
[custom build] 02:46:47 [build] Server built in 1.97s
---

--- 2025-09-19T06:46:47.261Z log
[custom build] 
---

--- 2025-09-19T06:46:47.261Z log
[custom build] 02:46:47 [build] Complete!
---

--- 2025-09-19T06:46:47.261Z log
[custom build] 
---

--- 2025-09-19T06:46:47.318Z debug
local dev variables file not found at ".dev.vars". Continuing... For more details, refer to https://developers.cloudflare.com/workers/wrangler/system-environment-variables/
---
